  main.cpp
C:\Users\ian-school\source\repos\数据结构实验3\数据结构实验3\main.cpp(520,2): warning C4018: “<”: 有符号/无符号不匹配
C:\Users\ian-school\source\repos\数据结构实验3\数据结构实验3\main.cpp(515): message : 在编译 类 模板 成员函数“int Graph<int>::get_in(std::string)”时
C:\Users\ian-school\source\repos\数据结构实验3\数据结构实验3\main.cpp(539): message : 查看对正在编译的函数 模板 实例化“int Graph<int>::get_in(std::string)”的引用
C:\Users\ian-school\source\repos\数据结构实验3\数据结构实验3\main.cpp(557): message : 查看对正在编译的 类 模板 实例化“Graph<int>”的引用
C:\Users\ian-school\source\repos\数据结构实验3\数据结构实验3\main.cpp(211,2): warning C4018: “<”: 有符号/无符号不匹配
C:\Users\ian-school\source\repos\数据结构实验3\数据结构实验3\main.cpp(197): message : 在编译 类 模板 成员函数“void Graph<int>::delete_Node(std::string)”时
C:\Users\ian-school\source\repos\数据结构实验3\数据结构实验3\main.cpp(547): message : 查看对正在编译的函数 模板 实例化“void Graph<int>::delete_Node(std::string)”的引用
C:\Users\ian-school\source\repos\数据结构实验3\数据结构实验3\main.cpp(216,2): warning C4018: “<”: 有符号/无符号不匹配
C:\Users\ian-school\source\repos\数据结构实验3\数据结构实验3\main.cpp(54,2): warning C4018: “<”: 有符号/无符号不匹配
C:\Users\ian-school\source\repos\数据结构实验3\数据结构实验3\main.cpp(53): message : 在编译 类 模板 成员函数“int Graph<int>::find_pos(std::string)”时
C:\Users\ian-school\source\repos\数据结构实验3\数据结构实验3\main.cpp(228): message : 查看对正在编译的函数 模板 实例化“int Graph<int>::find_pos(std::string)”的引用
C:\Users\ian-school\source\repos\数据结构实验3\数据结构实验3\main.cpp(69,2): warning C4018: “<”: 有符号/无符号不匹配
C:\Users\ian-school\source\repos\数据结构实验3\数据结构实验3\main.cpp(67): message : 在编译 类 模板 成员函数“int Graph<int>::get_cost(std::string,std::string)”时
C:\Users\ian-school\source\repos\数据结构实验3\数据结构实验3\main.cpp(123): message : 查看对正在编译的函数 模板 实例化“int Graph<int>::get_cost(std::string,std::string)”的引用
C:\Users\ian-school\source\repos\数据结构实验3\数据结构实验3\main.cpp(72,34): warning C4244: “return”: 从“double”转换到“int”，可能丢失数据
C:\Users\ian-school\source\repos\数据结构实验3\数据结构实验3\main.cpp(50,1): warning C4305: “return”: 从“int”到“bool”截断
C:\Users\ian-school\source\repos\数据结构实验3\数据结构实验3\main.cpp(48): message : 在编译 类 模板 成员函数“bool Graph<int>::error_remind(std::string)”时
C:\Users\ian-school\source\repos\数据结构实验3\数据结构实验3\main.cpp(59): message : 查看对正在编译的函数 模板 实例化“bool Graph<int>::error_remind(std::string)”的引用
  数据结构实验3.vcxproj -> C:\Users\ian-school\source\repos\数据结构实验3\Debug\数据结构实验3.exe
